Case #1: 1 2 3 4 5 6 8 9 7  y
Case #2: IMPOSSIBLE y
Case #3: 20 19 18 17 16 15 14 13 12 11 10 9 8 7 6 5 4 2 1 3
Case #4: 1 2 3 4 5 6 7 8 9 10
Case #5: 12 8 1 3 4 6 7 9 10 11 13 14 5 15 16 17 18 2 19 20
Case #6: 1 2 3 4
Case #7: 1 3 4 5 6 8 2 7 10 9 11 12 13 14 15 16 17 18 19 20
Case #8: 1 2 3 4 5
Case #9: 3
Case #10: 1 2 3 4 5 6 7 8 9 10 11 12 13 14 15
Case #11: 1 2 3 4 5 6 7 8 9 10 11 12 13
Case #12: 1 2 3 4 5 6 7 8 9 10 11 12 13 14 15
Case #13: 1 2 3 4 5 6 7 8 9 10 11 12 13 14 15 16 17 18 19 20
Case #14: 1 2 3 4 5
Case #15: 1
Case #16: 1 2
Case #17: 1 2 3 4 5 6 7 8 9 10 11 12 13 14 15 16 17 18 19 20
Case #18: 2 3 1 4 5 6 7 8 9 10 11 12 13 14 15
Case #19: 1 2 3
Case #20: 1 2 3 4 5 6 7 8 9 10 11 12 13 14 15 16 17 18 19
Case #21: 1 2 3 4 5 6 7 8 9 10 11 12 13 14 15 16 17 18 19 20
Case #22: 1 2 3 4 5 6 7 8 9 10 11 12 13 14 15 16 17 18 19 20
Case #23: 1 2 3 4 5 6 7 8 9 10 11 12 13 14 15 16 17 18 19 20
Case #24: 1 2 3 4 5 6 7 8 9 10
Case #25: 1
